<?xml version="1.0" encoding="UTF-8"?>
<!-- Generated by org.testng.reporters.JUnitReportReporter -->
<testsuite hostname="QT-INBG-LT0051" failures="0" tests="5" name="TestPackage.QtTestCase1" time="36.317" errors="1" timestamp="2021-03-23T17:28:36 IST" skipped="0">
  <testcase classname="TestPackage.QtTestCase1" name="basePageNavigation" time="6.071"/>
  <system-out/>
  <testcase classname="TestPackage.QtTestCase1" name="basePageNavigation" time="13.288"/>
  <system-out/>
  <testcase classname="TestPackage.QtTestCase1" name="basePageNavigation" time="6.765"/>
  <system-out/>
  <testcase classname="TestPackage.QtTestCase1" name="basePageNavigation" time="7.806"/>
  <system-out/>
  <testcase classname="TestPackage.QtTestCase1" name="basePageNavigation" time="2.387">
    <error message="session not created
from disconnected: received Inspector.detached event
  (Session info: chrome=89.0.4389.90)
Build info: version: &#039;3.14.0&#039;, revision: &#039;aacccce0&#039;, time: &#039;2018-08-02T20:19:58.91Z&#039;
System info: host: &#039;QT-INBG-LT0051&#039;, ip: &#039;10.20.19.75&#039;, os.name: &#039;Windows 10&#039;, os.arch: &#039;amd64&#039;, os.version: &#039;10.0&#039;, java.version: &#039;15.0.1&#039;
Driver info: driver.version: ChromeDriver
remote stacktrace: Backtrace:
	Ordinal0 [0x00A7E7D3+124883]
	Ordinal0 [0x00A7E7B1+124849]
	GetHandleVerifier [0x00CC8688+193832]
	GetHandleVerifier [0x00CBCB71+145937]
	GetHandleVerifier [0x00CBC7F9+145049]
	GetHandleVerifier [0x00CBBF7D+142877]
	GetHandleVerifier [0x00CBB45E+140030]
	GetHandleVerifier [0x00CBB6E6+140678]
	GetHandleVerifier [0x00CBB025+138949]
	GetHandleVerifier [0x00CC4679+177433]
	GetHandleVerifier [0x00CBAFE1+138881]
	GetHandleVerifier [0x00CBBD62+142338]
	GetHandleVerifier [0x00CBB45E+140030]
	GetHandleVerifier [0x00CBB6E6+140678]
	GetHandleVerifier [0x00CBB025+138949]
	GetHandleVerifier [0x00CC2A0A+170154]
	GetHandleVerifier [0x00CBAFE1+138881]
	GetHandleVerifier [0x00CBBD62+142338]
	GetHandleVerifier [0x00CBB45E+140030]
	GetHandleVerifier [0x00CBB6E6+140678]
	GetHandleVerifier [0x00CBB025+138949]
	GetHandleVerifier [0x00CC0D69+162825]
	GetHandleVerifier [0x00CBAFE1+138881]
	GetHandleVerifier [0x00CBBD62+142338]
	GetHandleVerifier [0x00CBB45E+140030]
	GetHandleVerifier [0x00CBB6E6+140678]
	GetHandleVerifier [0x00CBB025+138949]
	GetHandleVerifier [0x00CC017C+159772]
	GetHandleVerifier [0x00CBAFE1+138881]
	GetHandleVerifier [0x00CBBD62+142338]
	GetHandleVerifier [0x00CBB45E+140030]
	GetHandleVerifier [0x00CBB6E6+140678]
	GetHandleVerifier [0x00CBB025+138949]
	GetHandleVerifier [0x00CB76ED+124301]
	GetHandleVerifier [0x00CBAFE1+138881]
	GetHandleVerifier [0x00CBAE03+138403]
	GetHandleVerifier [0x00CBABF7+137879]
	GetHandleVerifier [0x00CC9930+198608]
	GetHandleVerifier [0x00D05758+443896]
	GetHandleVerifier [0x00D047FC+439964]
	GetHandleVerifier [0x00D0154B+426987]
	GetHandleVerifier [0x00CE4FFD+310941]
	GetHandleVerifier [0x00CE5D8E+314414]
	GetHandleVerifier [0x00CE5D19+314297]
	GetHandleVerifier [0x00DA31EC+1089676]
	GetHandleVerifier [0x00DA17C9+1082985]
	GetHandleVerifier [0x00DA13A3+1081923]
	GetHandleVerifier [0x00E9D9FD+2115741]
	Ordinal0 [0x00BCB82E+1488942]
	Ordinal0 [0x00B65A7D+1071741]
	Ordinal0 [0x00B6559B+1070491]
	Ordinal0 [0x00B654B1+1070257]
	Ordinal0 [0x00B9FF53+1310547]
	BaseThreadInitThunk [0x7580FA29+25]
	RtlGetAppContainerNamedObjectPath [0x76F07C7E+286]
	RtlGetAppContainerNamedObjectPath [0x76F07C4E+238]
" type="org.openqa.selenium.SessionNotCreatedException">
      <![CDATA[org.openqa.selenium.SessionNotCreatedException: session not created
from disconnected: received Inspector.detached event
  (Session info: chrome=89.0.4389.90)
Build info: version: '3.14.0', revision: 'aacccce0', time: '2018-08-02T20:19:58.91Z'
System info: host: 'QT-INBG-LT0051', ip: '10.20.19.75', os.name: 'Windows 10', os.arch: 'amd64', os.version: '10.0', java.version: '15.0.1'
Driver info: driver.version: ChromeDriver
remote stacktrace: Backtrace:
Ordinal0 [0x00A7E7D3+124883]
Ordinal0 [0x00A7E7B1+124849]
GetHandleVerifier [0x00CC8688+193832]
GetHandleVerifier [0x00CBCB71+145937]
GetHandleVerifier [0x00CBC7F9+145049]
GetHandleVerifier [0x00CBBF7D+142877]
GetHandleVerifier [0x00CBB45E+140030]
GetHandleVerifier [0x00CBB6E6+140678]
GetHandleVerifier [0x00CBB025+138949]
GetHandleVerifier [0x00CC4679+177433]
GetHandleVerifier [0x00CBAFE1+138881]
GetHandleVerifier [0x00CBBD62+142338]
GetHandleVerifier [0x00CBB45E+140030]
GetHandleVerifier [0x00CBB6E6+140678]
GetHandleVerifier [0x00CBB025+138949]
GetHandleVerifier [0x00CC2A0A+170154]
GetHandleVerifier [0x00CBAFE1+138881]
GetHandleVerifier [0x00CBBD62+142338]
GetHandleVerifier [0x00CBB45E+140030]
GetHandleVerifier [0x00CBB6E6+140678]
GetHandleVerifier [0x00CBB025+138949]
GetHandleVerifier [0x00CC0D69+162825]
GetHandleVerifier [0x00CBAFE1+138881]
GetHandleVerifier [0x00CBBD62+142338]
GetHandleVerifier [0x00CBB45E+140030]
GetHandleVerifier [0x00CBB6E6+140678]
GetHandleVerifier [0x00CBB025+138949]
GetHandleVerifier [0x00CC017C+159772]
GetHandleVerifier [0x00CBAFE1+138881]
GetHandleVerifier [0x00CBBD62+142338]
GetHandleVerifier [0x00CBB45E+140030]
GetHandleVerifier [0x00CBB6E6+140678]
GetHandleVerifier [0x00CBB025+138949]
GetHandleVerifier [0x00CB76ED+124301]
GetHandleVerifier [0x00CBAFE1+138881]
GetHandleVerifier [0x00CBAE03+138403]
GetHandleVerifier [0x00CBABF7+137879]
GetHandleVerifier [0x00CC9930+198608]
GetHandleVerifier [0x00D05758+443896]
GetHandleVerifier [0x00D047FC+439964]
GetHandleVerifier [0x00D0154B+426987]
GetHandleVerifier [0x00CE4FFD+310941]
GetHandleVerifier [0x00CE5D8E+314414]
GetHandleVerifier [0x00CE5D19+314297]
GetHandleVerifier [0x00DA31EC+1089676]
GetHandleVerifier [0x00DA17C9+1082985]
GetHandleVerifier [0x00DA13A3+1081923]
GetHandleVerifier [0x00E9D9FD+2115741]
Ordinal0 [0x00BCB82E+1488942]
Ordinal0 [0x00B65A7D+1071741]
Ordinal0 [0x00B6559B+1070491]
Ordinal0 [0x00B654B1+1070257]
Ordinal0 [0x00B9FF53+1310547]
BaseThreadInitThunk [0x7580FA29+25]
RtlGetAppContainerNamedObjectPath [0x76F07C7E+286]
RtlGetAppContainerNamedObjectPath [0x76F07C4E+238]

at java.base/jdk.internal.reflect.NativeConstructorAccessorImpl.newInstance0(Native Method)
at java.base/jdk.internal.reflect.NativeConstructorAccessorImpl.newInstance(NativeConstructorAccessorImpl.java:64)
at java.base/jdk.internal.reflect.DelegatingConstructorAccessorImpl.newInstance(DelegatingConstructorAccessorImpl.java:45)
at java.base/java.lang.reflect.Constructor.newInstanceWithCaller(Constructor.java:500)
at java.base/java.lang.reflect.Constructor.newInstance(Constructor.java:481)
at org.openqa.selenium.remote.W3CHandshakeResponse.lambda$new$0(W3CHandshakeResponse.java:57)
at org.openqa.selenium.remote.W3CHandshakeResponse.lambda$getResponseFunction$2(W3CHandshakeResponse.java:104)
at org.openqa.selenium.remote.ProtocolHandshake.lambda$createSession$0(ProtocolHandshake.java:122)
at java.base/java.util.stream.ReferencePipeline$3$1.accept(ReferencePipeline.java:195)
at java.base/java.util.Spliterators$ArraySpliterator.tryAdvance(Spliterators.java:958)
at java.base/java.util.stream.ReferencePipeline.forEachWithCancel(ReferencePipeline.java:127)
at java.base/java.util.stream.AbstractPipeline.copyIntoWithCancel(AbstractPipeline.java:502)
at java.base/java.util.stream.AbstractPipeline.copyInto(AbstractPipeline.java:488)
at java.base/java.util.stream.AbstractPipeline.wrapAndCopyInto(AbstractPipeline.java:474)
at java.base/java.util.stream.FindOps$FindOp.evaluateSequential(FindOps.java:150)
at java.base/java.util.stream.AbstractPipeline.evaluate(AbstractPipeline.java:234)
at java.base/java.util.stream.ReferencePipeline.findFirst(ReferencePipeline.java:543)
at org.openqa.selenium.remote.ProtocolHandshake.createSession(ProtocolHandshake.java:125)
at org.openqa.selenium.remote.ProtocolHandshake.createSession(ProtocolHandshake.java:73)
at org.openqa.selenium.remote.HttpCommandExecutor.execute(HttpCommandExecutor.java:136)
at org.openqa.selenium.remote.service.DriverCommandExecutor.execute(DriverCommandExecutor.java:83)
at org.openqa.selenium.remote.RemoteWebDriver.execute(RemoteWebDriver.java:548)
at org.openqa.selenium.remote.RemoteWebDriver.startSession(RemoteWebDriver.java:212)
at org.openqa.selenium.remote.RemoteWebDriver.<init>(RemoteWebDriver.java:130)
at org.openqa.selenium.chrome.ChromeDriver.<init>(ChromeDriver.java:181)
at org.openqa.selenium.chrome.ChromeDriver.<init>(ChromeDriver.java:168)
at org.openqa.selenium.chrome.ChromeDriver.<init>(ChromeDriver.java:123)
at resources.base.initializeDriver(base.java:43)
at TestPackage.QtTestCase1.basePageNavigation(QtTestCase1.java:29)
at java.base/jdk.internal.reflect.NativeMethodAccessorImpl.invoke0(Native Method)
at java.base/jdk.internal.reflect.NativeMethodAccessorImpl.invoke(NativeMethodAccessorImpl.java:64)
at java.base/jdk.internal.reflect.DelegatingMethodAccessorImpl.invoke(DelegatingMethodAccessorImpl.java:43)
at java.base/java.lang.reflect.Method.invoke(Method.java:564)
at org.testng.internal.MethodInvocationHelper.invokeMethod(MethodInvocationHelper.java:132)
at org.testng.internal.TestInvoker.invokeMethod(TestInvoker.java:599)
at org.testng.internal.TestInvoker.invokeTestMethod(TestInvoker.java:174)
at org.testng.internal.MethodRunner.runInSequence(MethodRunner.java:46)
at org.testng.internal.TestInvoker$MethodInvocationAgent.invoke(TestInvoker.java:822)
at org.testng.internal.TestInvoker.invokeTestMethods(TestInvoker.java:147)
at org.testng.internal.TestMethodWorker.invokeTestMethods(TestMethodWorker.java:146)
at org.testng.internal.TestMethodWorker.run(TestMethodWorker.java:128)
at java.base/java.util.ArrayList.forEach(ArrayList.java:1511)
at org.testng.TestRunner.privateRun(TestRunner.java:764)
at org.testng.TestRunner.run(TestRunner.java:585)
at org.testng.SuiteRunner.runTest(SuiteRunner.java:384)
at org.testng.SuiteRunner.runSequentially(SuiteRunner.java:378)
at org.testng.SuiteRunner.privateRun(SuiteRunner.java:337)
at org.testng.SuiteRunner.run(SuiteRunner.java:286)
at org.testng.SuiteRunnerWorker.runSuite(SuiteRunnerWorker.java:53)
at org.testng.SuiteRunnerWorker.run(SuiteRunnerWorker.java:96)
at org.testng.TestNG.runSuitesSequentially(TestNG.java:1218)
at org.testng.TestNG.runSuitesLocally(TestNG.java:1140)
at org.testng.TestNG.runSuites(TestNG.java:1069)
at org.testng.TestNG.run(TestNG.java:1037)
at org.testng.remote.AbstractRemoteTestNG.run(AbstractRemoteTestNG.java:115)
at org.testng.remote.RemoteTestNG.initAndRun(RemoteTestNG.java:251)
at org.testng.remote.RemoteTestNG.main(RemoteTestNG.java:77)
]]>
    </error>
  </testcase> <!-- basePageNavigation -->
  <system-out/>
</testsuite> <!-- TestPackage.QtTestCase1 -->
